Scanning dependencies of target actionlib_generate_messages_eus
Scanning dependencies of target tf2_msgs_generate_messages_nodejs
Scanning dependencies of target actionlib_msgs_generate_messages_nodejs
Scanning dependencies of target actionlib_generate_messages_py
Scanning dependencies of target tf2_msgs_generate_messages_eus
Scanning dependencies of target trajectory_msgs_generate_messages_py
Scanning dependencies of target tf2_msgs_generate_messages_lisp
Scanning dependencies of target trajectory_msgs_generate_messages_nodejs
Scanning dependencies of target nav_msgs_generate_messages_nodejs
Scanning dependencies of target trajectory_msgs_generate_messages_lisp
Scanning dependencies of target trajectory_msgs_generate_messages_eus
[  0%] Built target actionlib_generate_messages_py
[  0%] Built target actionlib_generate_messages_eus
[  0%] Built target nav_msgs_generate_messages_nodejs
[  0%] Built target tf2_msgs_generate_messages_nodejs
[  0%] Built target actionlib_msgs_generate_messages_nodejs
[  0%] Built target tf2_msgs_generate_messages_eus
[  0%] Built target tf2_msgs_generate_messages_lisp
[  0%] Built target trajectory_msgs_generate_messages_py
[  0%] Built target trajectory_msgs_generate_messages_nodejs
[  0%] Built target trajectory_msgs_generate_messages_eus
[  0%] Built target trajectory_msgs_generate_messages_lisp
Scanning dependencies of target std_msgs_generate_messages_lisp
Scanning dependencies of target nav_msgs_generate_messages_lisp
Scanning dependencies of target nav_msgs_generate_messages_cpp
Scanning dependencies of target roscpp_generate_messages_lisp
Scanning dependencies of target diagnostic_msgs_generate_messages_cpp
Scanning dependencies of target nav_msgs_generate_messages_eus
Scanning dependencies of target std_msgs_generate_messages_eus
Scanning dependencies of target tf2_msgs_generate_messages_cpp
Scanning dependencies of target naoqi_bridge_msgs_generate_messages_cpp
Scanning dependencies of target geometry_msgs_generate_messages_nodejs
Scanning dependencies of target geometry_msgs_generate_messages_lisp
Scanning dependencies of target nav_msgs_generate_messages_py
[  0%] Built target std_msgs_generate_messages_eus
[  0%] Built target nav_msgs_generate_messages_cpp
[  0%] Built target nav_msgs_generate_messages_lisp
[  0%] Built target nav_msgs_generate_messages_eus
[  0%] Built target tf2_msgs_generate_messages_cpp
[  0%] Built target diagnostic_msgs_generate_messages_cpp
[  0%] Built target roscpp_generate_messages_lisp
[  0%] Built target naoqi_bridge_msgs_generate_messages_cpp
[  0%] Built target geometry_msgs_generate_messages_nodejs
[  0%] Built target geometry_msgs_generate_messages_lisp
[  0%] Built target std_msgs_generate_messages_lisp
[  0%] Built target nav_msgs_generate_messages_py
Scanning dependencies of target geometry_msgs_generate_messages_eus
Scanning dependencies of target roscpp_generate_messages_cpp
Scanning dependencies of target actionlib_msgs_generate_messages_py
Scanning dependencies of target std_msgs_generate_messages_py
Scanning dependencies of target geometry_msgs_generate_messages_cpp
Scanning dependencies of target trajectory_msgs_generate_messages_cpp
Scanning dependencies of target sensor_msgs_generate_messages_nodejs
Scanning dependencies of target actionlib_generate_messages_cpp
Scanning dependencies of target rosgraph_msgs_generate_messages_cpp
Scanning dependencies of target sensor_msgs_generate_messages_py
Scanning dependencies of target diagnostic_msgs_generate_messages_eus
Scanning dependencies of target actionlib_generate_messages_lisp
[  0%] Built target std_msgs_generate_messages_py
[  0%] Built target geometry_msgs_generate_messages_eus
[  0%] Built target geometry_msgs_generate_messages_cpp
[  0%] Built target roscpp_generate_messages_cpp
[  0%] Built target sensor_msgs_generate_messages_nodejs
[  0%] Built target sensor_msgs_generate_messages_py
[  0%] Built target actionlib_generate_messages_cpp
[  0%] Built target rosgraph_msgs_generate_messages_cpp
[  0%] Built target diagnostic_msgs_generate_messages_eus
[  0%] Built target actionlib_generate_messages_lisp
[  0%] Built target trajectory_msgs_generate_messages_cpp
[  0%] Built target actionlib_msgs_generate_messages_py
Scanning dependencies of target actionlib_msgs_generate_messages_eus
Scanning dependencies of target rosgraph_msgs_generate_messages_lisp
Scanning dependencies of target roscpp_generate_messages_nodejs
Scanning dependencies of target std_msgs_generate_messages_nodejs
Scanning dependencies of target sensor_msgs_generate_messages_cpp
Scanning dependencies of target geometry_msgs_generate_messages_py
Scanning dependencies of target diagnostic_msgs_generate_messages_nodejs
Scanning dependencies of target rosgraph_msgs_generate_messages_py
Scanning dependencies of target diagnostic_msgs_generate_messages_py
Scanning dependencies of target diagnostic_msgs_generate_messages_lisp
Scanning dependencies of target sensor_msgs_generate_messages_lisp
Scanning dependencies of target roscpp_generate_messages_eus
[  0%] Built target sensor_msgs_generate_messages_cpp
[  0%] Built target std_msgs_generate_messages_nodejs
[  0%] Built target actionlib_msgs_generate_messages_eus
[  0%] Built target diagnostic_msgs_generate_messages_py
[  0%] Built target rosgraph_msgs_generate_messages_lisp
[  0%] Built target roscpp_generate_messages_nodejs
[  0%] Built target diagnostic_msgs_generate_messages_nodejs
[  0%] Built target geometry_msgs_generate_messages_py
[  0%] Built target rosgraph_msgs_generate_messages_py
[  0%] Built target sensor_msgs_generate_messages_lisp
[  0%] Built target diagnostic_msgs_generate_messages_lisp
[  0%] Built target roscpp_generate_messages_eus
Scanning dependencies of target rosgraph_msgs_generate_messages_eus
Scanning dependencies of target naoqi_bridge_msgs_generate_messages_lisp
Scanning dependencies of target roscpp_generate_messages_py
Scanning dependencies of target rosgraph_msgs_generate_messages_nodejs
Scanning dependencies of target actionlib_generate_messages_nodejs
Scanning dependencies of target actionlib_msgs_generate_messages_cpp
Scanning dependencies of target std_msgs_generate_messages_cpp
Scanning dependencies of target naoqi_bridge_msgs_generate_messages_py
Scanning dependencies of target sensor_msgs_generate_messages_eus
Scanning dependencies of target naoqi_bridge_msgs_generate_messages_eus
Scanning dependencies of target actionlib_msgs_generate_messages_lisp
Scanning dependencies of target tf2_msgs_generate_messages_py
[  0%] Built target roscpp_generate_messages_py
[  0%] Built target naoqi_bridge_msgs_generate_messages_lisp
[  0%] Built target rosgraph_msgs_generate_messages_eus
[  0%] Built target rosgraph_msgs_generate_messages_nodejs
[  0%] Built target naoqi_bridge_msgs_generate_messages_py
[  0%] Built target actionlib_generate_messages_nodejs
[  0%] Built target std_msgs_generate_messages_cpp
[  0%] Built target actionlib_msgs_generate_messages_cpp
[  0%] Built target naoqi_bridge_msgs_generate_messages_eus
[  0%] Built target sensor_msgs_generate_messages_eus
[  0%] Built target tf2_msgs_generate_messages_py
[  0%] Built target actionlib_msgs_generate_messages_lisp
Scanning dependencies of target naoqi_bridge_msgs_generate_messages_nodejs
[  0%] Built target naoqi_bridge_msgs_generate_messages_nodejs
Scanning dependencies of target naoqi_driver
[ 11%] Building CXX object CMakeFiles/naoqi_driver.dir/src/naoqi_driver.cpp.o
[ 11%] Building CXX object CMakeFiles/naoqi_driver.dir/src/helpers/driver_helpers.cpp.o
[ 11%] Building CXX object CMakeFiles/naoqi_driver.dir/src/recorder/globalrecorder.cpp.o
[ 11%] Building CXX object CMakeFiles/naoqi_driver.dir/src/event/touch.cpp.o
[ 11%] Building CXX object CMakeFiles/naoqi_driver.dir/src/event/audio.cpp.o
[ 13%] Building CXX object CMakeFiles/naoqi_driver.dir/src/converters/audio.cpp.o
[ 15%] Building CXX object CMakeFiles/naoqi_driver.dir/src/converters/touch.cpp.o
[ 20%] Building CXX object CMakeFiles/naoqi_driver.dir/src/converters/camera.cpp.o
[ 20%] Building CXX object CMakeFiles/naoqi_driver.dir/src/converters/diagnostics.cpp.o
[ 22%] Building CXX object CMakeFiles/naoqi_driver.dir/src/converters/imu.cpp.o
[ 25%] Building CXX object CMakeFiles/naoqi_driver.dir/src/converters/info.cpp.o
[ 27%] Building CXX object CMakeFiles/naoqi_driver.dir/src/converters/joint_state.cpp.o
[ 29%] Building CXX object CMakeFiles/naoqi_driver.dir/src/converters/laser.cpp.o
[ 31%] Building CXX object CMakeFiles/naoqi_driver.dir/src/converters/memory_list.cpp.o
[ 34%] Building CXX object CMakeFiles/naoqi_driver.dir/src/converters/memory/bool.cpp.o
[ 36%] Building CXX object CMakeFiles/naoqi_driver.dir/src/converters/memory/int.cpp.o
[ 38%] Building CXX object CMakeFiles/naoqi_driver.dir/src/converters/memory/float.cpp.o
[ 40%] Building CXX object CMakeFiles/naoqi_driver.dir/src/converters/memory/string.cpp.o
[ 43%] Building CXX object CMakeFiles/naoqi_driver.dir/src/converters/sonar.cpp.o
[ 45%] Building CXX object CMakeFiles/naoqi_driver.dir/src/converters/log.cpp.o
[ 47%] Building CXX object CMakeFiles/naoqi_driver.dir/src/converters/odom.cpp.o
[ 50%] Building CXX object CMakeFiles/naoqi_driver.dir/src/publishers/camera.cpp.o
[ 52%] Building CXX object CMakeFiles/naoqi_driver.dir/src/publishers/info.cpp.o
[ 54%] Building CXX object CMakeFiles/naoqi_driver.dir/src/publishers/joint_state.cpp.o
[ 56%] Building CXX object CMakeFiles/naoqi_driver.dir/src/publishers/log.cpp.o
[ 59%] Building CXX object CMakeFiles/naoqi_driver.dir/src/publishers/sonar.cpp.o
[ 61%] Building CXX object CMakeFiles/naoqi_driver.dir/src/subscribers/teleop.cpp.o
[ 63%] Building CXX object CMakeFiles/naoqi_driver.dir/src/subscribers/moveto.cpp.o
[ 65%] Building CXX object CMakeFiles/naoqi_driver.dir/src/subscribers/speech.cpp.o
[ 68%] Building CXX object CMakeFiles/naoqi_driver.dir/src/services/robot_config.cpp.o
[ 70%] Building CXX object CMakeFiles/naoqi_driver.dir/src/services/set_language.cpp.o
[ 72%] Building CXX object CMakeFiles/naoqi_driver.dir/src/services/get_language.cpp.o
[ 75%] Building CXX object CMakeFiles/naoqi_driver.dir/src/recorder/camera.cpp.o
[ 77%] Building CXX object CMakeFiles/naoqi_driver.dir/src/recorder/diagnostics.cpp.o
[ 79%] Building CXX object CMakeFiles/naoqi_driver.dir/src/recorder/joint_state.cpp.o
[ 81%] Building CXX object CMakeFiles/naoqi_driver.dir/src/recorder/log.cpp.o
[ 84%] Building CXX object CMakeFiles/naoqi_driver.dir/src/recorder/sonar.cpp.o
[ 86%] Building CXX object CMakeFiles/naoqi_driver.dir/src/tools/robot_description.cpp.o
[ 88%] Building CXX object CMakeFiles/naoqi_driver.dir/src/tools/from_any_value.cpp.o
[ 90%] Linking CXX shared library /catkin_ws/devel/.private/naoqi_driver/lib/libnaoqi_driver.so
[ 90%] Built target naoqi_driver
Scanning dependencies of target naoqi_driver_module
Scanning dependencies of target naoqi_driver_node
[ 95%] Building CXX object CMakeFiles/naoqi_driver_node.dir/src/external_registration.cpp.o
[ 95%] Building CXX object CMakeFiles/naoqi_driver_module.dir/src/autoload_registration.cpp.o
[ 97%] Linking CXX shared library /catkin_ws/devel/.private/naoqi_driver/lib/libnaoqi_driver_module.so
[100%] Linking CXX executable /catkin_ws/devel/.private/naoqi_driver/lib/naoqi_driver/naoqi_driver_node
[100%] Built target naoqi_driver_module
[100%] Built target naoqi_driver_node
