Determining if the pthread_create exist failed with the following output:
Change Dir: /catkin_ws/build/catkin_tools_prebuild/CMakeFiles/CMakeTmp

Run Build Command:"/usr/bin/make" "cmTC_9ceef/fast"
/usr/bin/make -f CMakeFiles/cmTC_9ceef.dir/build.make CMakeFiles/cmTC_9ceef.dir/build
make[1]: Entering directory '/catkin_ws/build/catkin_tools_prebuild/CMakeFiles/CMakeTmp'
Building C object CMakeFiles/cmTC_9ceef.dir/CheckSymbolExists.c.o
/usr/bin/cc     -o CMakeFiles/cmTC_9ceef.dir/CheckSymbolExists.c.o   -c /catkin_ws/build/catkin_tools_prebuild/CMakeFiles/CMakeTmp/CheckSymbolExists.c
Linking C executable cmTC_9ceef
/usr/bin/cmake -E cmake_link_script CMakeFiles/cmTC_9ceef.dir/link.txt --verbose=1
/usr/bin/cc       CMakeFiles/cmTC_9ceef.dir/CheckSymbolExists.c.o  -o cmTC_9ceef -rdynamic 
CMakeFiles/cmTC_9ceef.dir/CheckSymbolExists.c.o: In function `main':
CheckSymbolExists.c:(.text+0x16): undefined reference to `pthread_create'
collect2: error: ld returned 1 exit status
CMakeFiles/cmTC_9ceef.dir/build.make:97: recipe for target 'cmTC_9ceef' failed
make[1]: *** [cmTC_9ceef] Error 1
make[1]: Leaving directory '/catkin_ws/build/catkin_tools_prebuild/CMakeFiles/CMakeTmp'
Makefile:126: recipe for target 'cmTC_9ceef/fast' failed
make: *** [cmTC_9ceef/fast] Error 2

File /catkin_ws/build/catkin_tools_prebuild/CMakeFiles/CMakeTmp/CheckSymbolExists.c:
/* */
#include <pthread.h>

int main(int argc, char** argv)
{
  (void)argv;
#ifndef pthread_create
  return ((int*)(&pthread_create))[argc];
#else
  (void)argc;
  return 0;
#endif
}

Determining if the function pthread_create exists in the pthreads failed with the following output:
Change Dir: /catkin_ws/build/catkin_tools_prebuild/CMakeFiles/CMakeTmp

Run Build Command:"/usr/bin/make" "cmTC_740be/fast"
/usr/bin/make -f CMakeFiles/cmTC_740be.dir/build.make CMakeFiles/cmTC_740be.dir/build
make[1]: Entering directory '/catkin_ws/build/catkin_tools_prebuild/CMakeFiles/CMakeTmp'
Building C object CMakeFiles/cmTC_740be.dir/CheckFunctionExists.c.o
/usr/bin/cc    -DCHECK_FUNCTION_EXISTS=pthread_create   -o CMakeFiles/cmTC_740be.dir/CheckFunctionExists.c.o   -c /usr/share/cmake-3.5/Modules/CheckFunctionExists.c
Linking C executable cmTC_740be
/usr/bin/cmake -E cmake_link_script CMakeFiles/cmTC_740be.dir/link.txt --verbose=1
/usr/bin/cc   -DCHECK_FUNCTION_EXISTS=pthread_create    CMakeFiles/cmTC_740be.dir/CheckFunctionExists.c.o  -o cmTC_740be -rdynamic -lpthreads 
/usr/bin/ld: cannot find -lpthreads
collect2: error: ld returned 1 exit status
CMakeFiles/cmTC_740be.dir/build.make:97: recipe for target 'cmTC_740be' failed
make[1]: *** [cmTC_740be] Error 1
make[1]: Leaving directory '/catkin_ws/build/catkin_tools_prebuild/CMakeFiles/CMakeTmp'
Makefile:126: recipe for target 'cmTC_740be/fast' failed
make: *** [cmTC_740be/fast] Error 2


