Determining if the pthread_create exist failed with the following output:
Change Dir: /catkin_ws/build/pepper_dcm_bringup/CMakeFiles/CMakeTmp

Run Build Command:"/usr/bin/make" "cmTC_b2b2f/fast"
/usr/bin/make -f CMakeFiles/cmTC_b2b2f.dir/build.make CMakeFiles/cmTC_b2b2f.dir/build
make[1]: Entering directory '/catkin_ws/build/pepper_dcm_bringup/CMakeFiles/CMakeTmp'
Building C object CMakeFiles/cmTC_b2b2f.dir/CheckSymbolExists.c.o
/usr/bin/cc     -o CMakeFiles/cmTC_b2b2f.dir/CheckSymbolExists.c.o   -c /catkin_ws/build/pepper_dcm_bringup/CMakeFiles/CMakeTmp/CheckSymbolExists.c
Linking C executable cmTC_b2b2f
/usr/bin/cmake -E cmake_link_script CMakeFiles/cmTC_b2b2f.dir/link.txt --verbose=1
/usr/bin/cc       CMakeFiles/cmTC_b2b2f.dir/CheckSymbolExists.c.o  -o cmTC_b2b2f -rdynamic 
CMakeFiles/cmTC_b2b2f.dir/CheckSymbolExists.c.o: In function `main':
CheckSymbolExists.c:(.text+0x16): undefined reference to `pthread_create'
collect2: error: ld returned 1 exit status
CMakeFiles/cmTC_b2b2f.dir/build.make:97: recipe for target 'cmTC_b2b2f' failed
make[1]: *** [cmTC_b2b2f] Error 1
make[1]: Leaving directory '/catkin_ws/build/pepper_dcm_bringup/CMakeFiles/CMakeTmp'
Makefile:126: recipe for target 'cmTC_b2b2f/fast' failed
make: *** [cmTC_b2b2f/fast] Error 2

File /catkin_ws/build/pepper_dcm_bringup/CMakeFiles/CMakeTmp/CheckSymbolExists.c:
/* */
#include <pthread.h>

int main(int argc, char** argv)
{
  (void)argv;
#ifndef pthread_create
  return ((int*)(&pthread_create))[argc];
#else
  (void)argc;
  return 0;
#endif
}

Determining if the function pthread_create exists in the pthreads failed with the following output:
Change Dir: /catkin_ws/build/pepper_dcm_bringup/CMakeFiles/CMakeTmp

Run Build Command:"/usr/bin/make" "cmTC_9c84e/fast"
/usr/bin/make -f CMakeFiles/cmTC_9c84e.dir/build.make CMakeFiles/cmTC_9c84e.dir/build
make[1]: Entering directory '/catkin_ws/build/pepper_dcm_bringup/CMakeFiles/CMakeTmp'
Building C object CMakeFiles/cmTC_9c84e.dir/CheckFunctionExists.c.o
/usr/bin/cc    -DCHECK_FUNCTION_EXISTS=pthread_create   -o CMakeFiles/cmTC_9c84e.dir/CheckFunctionExists.c.o   -c /usr/share/cmake-3.5/Modules/CheckFunctionExists.c
Linking C executable cmTC_9c84e
/usr/bin/cmake -E cmake_link_script CMakeFiles/cmTC_9c84e.dir/link.txt --verbose=1
/usr/bin/cc   -DCHECK_FUNCTION_EXISTS=pthread_create    CMakeFiles/cmTC_9c84e.dir/CheckFunctionExists.c.o  -o cmTC_9c84e -rdynamic -lpthreads 
/usr/bin/ld: cannot find -lpthreads
collect2: error: ld returned 1 exit status
CMakeFiles/cmTC_9c84e.dir/build.make:97: recipe for target 'cmTC_9c84e' failed
make[1]: *** [cmTC_9c84e] Error 1
make[1]: Leaving directory '/catkin_ws/build/pepper_dcm_bringup/CMakeFiles/CMakeTmp'
Makefile:126: recipe for target 'cmTC_9c84e/fast' failed
make: *** [cmTC_9c84e/fast] Error 2


